The system is: Linux - 3.19.0-28-generic - x86_64
Compiling the C compiler identification source file "CMakeCCompilerId.c" succeeded.
Compiler: /usr/bin/cc 
Build flags: 
Id flags: 

The output was:
0


Compilation of the C compiler identification source "CMakeCCompilerId.c" produced "a.out"

The C compiler identification is GNU, found in "/home/todd/vegastrike/vegastrike/build/CMakeFiles/3.0.2/CompilerIdC/a.out"

Compiling the CXX compiler identification source file "CMakeCXXCompilerId.cpp" succeeded.
Compiler: /usr/bin/c++ 
Build flags: 
Id flags: 

The output was:
0


Compilation of the CXX compiler identification source "CMakeCXXCompilerId.cpp" produced "a.out"

The CXX compiler identification is GNU, found in "/home/todd/vegastrike/vegastrike/build/CMakeFiles/3.0.2/CompilerIdCXX/a.out"

Determining if the C compiler works passed with the following output:
Change Dir: /home/todd/vegastrike/vegastrike/build/CMakeFiles/CMakeTmp

Run Build Command:"/usr/bin/make" "cmTryCompileExec378938422/fast"
/usr/bin/make -f CMakeFiles/cmTryCompileExec378938422.dir/build.make CMakeFiles/cmTryCompileExec378938422.dir/build
make[1]: Entering directory '/home/todd/vegastrike/vegastrike/build/CMakeFiles/CMakeTmp'
/usr/bin/cmake -E cmake_progress_report /home/todd/vegastrike/vegastrike/build/CMakeFiles/CMakeTmp/CMakeFiles 1
Building C object CMakeFiles/cmTryCompileExec378938422.dir/testCCompiler.c.o
/usr/bin/cc    -o CMakeFiles/cmTryCompileExec378938422.dir/testCCompiler.c.o   -c /home/todd/vegastrike/vegastrike/build/CMakeFiles/CMakeTmp/testCCompiler.c
Linking C executable cmTryCompileExec378938422
/usr/bin/cmake -E cmake_link_script CMakeFiles/cmTryCompileExec378938422.dir/link.txt --verbose=1
/usr/bin/cc       CMakeFiles/cmTryCompileExec378938422.dir/testCCompiler.c.o  -o cmTryCompileExec378938422 -rdynamic 
make[1]: Leaving directory '/home/todd/vegastrike/vegastrike/build/CMakeFiles/CMakeTmp'


Detecting C compiler ABI info compiled with the following output:
Change Dir: /home/todd/vegastrike/vegastrike/build/CMakeFiles/CMakeTmp

Run Build Command:"/usr/bin/make" "cmTryCompileExec920476099/fast"
/usr/bin/make -f CMakeFiles/cmTryCompileExec920476099.dir/build.make CMakeFiles/cmTryCompileExec920476099.dir/build
make[1]: Entering directory '/home/todd/vegastrike/vegastrike/build/CMakeFiles/CMakeTmp'
/usr/bin/cmake -E cmake_progress_report /home/todd/vegastrike/vegastrike/build/CMakeFiles/CMakeTmp/CMakeFiles 1
Building C object CMakeFiles/cmTryCompileExec920476099.dir/CMakeCCompilerABI.c.o
/usr/bin/cc    -o CMakeFiles/cmTryCompileExec920476099.dir/CMakeCCompilerABI.c.o   -c /usr/share/cmake-3.0/Modules/CMakeCCompilerABI.c
Linking C executable cmTryCompileExec920476099
/usr/bin/cmake -E cmake_link_script CMakeFiles/cmTryCompileExec920476099.dir/link.txt --verbose=1
/usr/bin/cc     -v CMakeFiles/cmTryCompileExec920476099.dir/CMakeCCompilerABI.c.o  -o cmTryCompileExec920476099 -rdynamic  
Using built-in specs.
COLLECT_GCC=/usr/bin/cc
COLLECT_LTO_WRAPPER=/usr/lib/gcc/x86_64-linux-gnu/4.9/lto-wrapper
Target: x86_64-linux-gnu
Configured with: ../src/configure -v --with-pkgversion='Ubuntu 4.9.2-10ubuntu13' --with-bugurl=file:///usr/share/doc/gcc-4.9/README.Bugs --enable-languages=c,c++,java,go,d,fortran,objc,obj-c++ --prefix=/usr --program-suffix=-4.9 --enable-shared --enable-linker-build-id --libexecdir=/usr/lib --without-included-gettext --enable-threads=posix --with-gxx-include-dir=/usr/include/c++/4.9 --libdir=/usr/lib --enable-nls --with-sysroot=/ --enable-clocale=gnu --enable-libstdcxx-debug --enable-libstdcxx-time=yes --enable-gnu-unique-object --disable-vtable-verify --enable-plugin --with-system-zlib --disable-browser-plugin --enable-java-awt=gtk --enable-gtk-cairo --with-java-home=/usr/lib/jvm/java-1.5.0-gcj-4.9-amd64/jre --enable-java-home --with-jvm-root-dir=/usr/lib/jvm/java-1.5.0-gcj-4.9-amd64 --with-jvm-jar-dir=/usr/lib/jvm-exports/java-1.5.0-gcj-4.9-amd64 --with-arch-directory=amd64 --with-ecj-jar=/usr/share/java/eclipse-ecj.jar --enable-objc-gc --enable-multiarch --disable-werror --with-arch-32=i686 --with-abi=m64 --with-multilib-list=m32,m64,mx32 --enable-multilib --with-tune=generic --enable-checking=release --build=x86_64-linux-gnu --host=x86_64-linux-gnu --target=x86_64-linux-gnu
Thread model: posix
gcc version 4.9.2 (Ubuntu 4.9.2-10ubuntu13) 
COMPILER_PATH=/usr/lib/gcc/x86_64-linux-gnu/4.9/:/usr/lib/gcc/x86_64-linux-gnu/4.9/:/usr/lib/gcc/x86_64-linux-gnu/:/usr/lib/gcc/x86_64-linux-gnu/4.9/:/usr/lib/gcc/x86_64-linux-gnu/
LIBRARY_PATH=/usr/lib/gcc/x86_64-linux-gnu/4.9/:/usr/lib/gcc/x86_64-linux-gnu/4.9/../../../x86_64-linux-gnu/:/usr/lib/gcc/x86_64-linux-gnu/4.9/../../../../lib/:/lib/x86_64-linux-gnu/:/lib/../lib/:/usr/lib/x86_64-linux-gnu/:/usr/lib/../lib/:/usr/lib/gcc/x86_64-linux-gnu/4.9/../../../:/lib/:/usr/lib/
COLLECT_GCC_OPTIONS='-v' '-o' 'cmTryCompileExec920476099' '-rdynamic' '-mtune=generic' '-march=x86-64'
 /usr/lib/gcc/x86_64-linux-gnu/4.9/collect2 -plugin /usr/lib/gcc/x86_64-linux-gnu/4.9/liblto_plugin.so -plugin-opt=/usr/lib/gcc/x86_64-linux-gnu/4.9/lto-wrapper -plugin-opt=-fresolution=/tmp/ccplJeLI.res -plugin-opt=-pass-through=-lgcc -plugin-opt=-pass-through=-lgcc_s -plugin-opt=-pass-through=-lc -plugin-opt=-pass-through=-lgcc -plugin-opt=-pass-through=-lgcc_s --sysroot=/ --build-id --eh-frame-hdr -m elf_x86_64 --hash-style=gnu --as-needed -export-dynamic -dynamic-linker /lib64/ld-linux-x86-64.so.2 -z relro -o cmTryCompileExec920476099 /usr/lib/gcc/x86_64-linux-gnu/4.9/../../../x86_64-linux-gnu/crt1.o /usr/lib/gcc/x86_64-linux-gnu/4.9/../../../x86_64-linux-gnu/crti.o /usr/lib/gcc/x86_64-linux-gnu/4.9/crtbegin.o -L/usr/lib/gcc/x86_64-linux-gnu/4.9 -L/usr/lib/gcc/x86_64-linux-gnu/4.9/../../../x86_64-linux-gnu -L/usr/lib/gcc/x86_64-linux-gnu/4.9/../../../../lib -L/lib/x86_64-linux-gnu -L/lib/../lib -L/usr/lib/x86_64-linux-gnu -L/usr/lib/../lib -L/usr/lib/gcc/x86_64-linux-gnu/4.9/../../.. CMakeFiles/cmTryCompileExec920476099.dir/CMakeCCompilerABI.c.o -lgcc --as-needed -lgcc_s --no-as-needed -lc -lgcc --as-needed -lgcc_s --no-as-needed /usr/lib/gcc/x86_64-linux-gnu/4.9/crtend.o /usr/lib/gcc/x86_64-linux-gnu/4.9/../../../x86_64-linux-gnu/crtn.o
make[1]: Leaving directory '/home/todd/vegastrike/vegastrike/build/CMakeFiles/CMakeTmp'


Parsed C implicit link information from above output:
  link line regex: [^( *|.*[/\])(ld|([^/\]+-)?ld|collect2)[^/\]*( |$)]
  ignore line: [Change Dir: /home/todd/vegastrike/vegastrike/build/CMakeFiles/CMakeTmp]
  ignore line: []
  ignore line: [Run Build Command:"/usr/bin/make" "cmTryCompileExec920476099/fast"]
  ignore line: [/usr/bin/make -f CMakeFiles/cmTryCompileExec920476099.dir/build.make CMakeFiles/cmTryCompileExec920476099.dir/build]
  ignore line: [make[1]: Entering directory '/home/todd/vegastrike/vegastrike/build/CMakeFiles/CMakeTmp']
  ignore line: [/usr/bin/cmake -E cmake_progress_report /home/todd/vegastrike/vegastrike/build/CMakeFiles/CMakeTmp/CMakeFiles 1]
  ignore line: [Building C object CMakeFiles/cmTryCompileExec920476099.dir/CMakeCCompilerABI.c.o]
  ignore line: [/usr/bin/cc    -o CMakeFiles/cmTryCompileExec920476099.dir/CMakeCCompilerABI.c.o   -c /usr/share/cmake-3.0/Modules/CMakeCCompilerABI.c]
  ignore line: [Linking C executable cmTryCompileExec920476099]
  ignore line: [/usr/bin/cmake -E cmake_link_script CMakeFiles/cmTryCompileExec920476099.dir/link.txt --verbose=1]
  ignore line: [/usr/bin/cc     -v CMakeFiles/cmTryCompileExec920476099.dir/CMakeCCompilerABI.c.o  -o cmTryCompileExec920476099 -rdynamic  ]
  ignore line: [Using built-in specs.]
  ignore line: [COLLECT_GCC=/usr/bin/cc]
  ignore line: [COLLECT_LTO_WRAPPER=/usr/lib/gcc/x86_64-linux-gnu/4.9/lto-wrapper]
  ignore line: [Target: x86_64-linux-gnu]
  ignore line: [Configured with: ../src/configure -v --with-pkgversion='Ubuntu 4.9.2-10ubuntu13' --with-bugurl=file:///usr/share/doc/gcc-4.9/README.Bugs --enable-languages=c,c++,java,go,d,fortran,objc,obj-c++ --prefix=/usr --program-suffix=-4.9 --enable-shared --enable-linker-build-id --libexecdir=/usr/lib --without-included-gettext --enable-threads=posix --with-gxx-include-dir=/usr/include/c++/4.9 --libdir=/usr/lib --enable-nls --with-sysroot=/ --enable-clocale=gnu --enable-libstdcxx-debug --enable-libstdcxx-time=yes --enable-gnu-unique-object --disable-vtable-verify --enable-plugin --with-system-zlib --disable-browser-plugin --enable-java-awt=gtk --enable-gtk-cairo --with-java-home=/usr/lib/jvm/java-1.5.0-gcj-4.9-amd64/jre --enable-java-home --with-jvm-root-dir=/usr/lib/jvm/java-1.5.0-gcj-4.9-amd64 --with-jvm-jar-dir=/usr/lib/jvm-exports/java-1.5.0-gcj-4.9-amd64 --with-arch-directory=amd64 --with-ecj-jar=/usr/share/java/eclipse-ecj.jar --enable-objc-gc --enable-multiarch --disable-werror --with-arch-32=i686 --with-abi=m64 --with-multilib-list=m32,m64,mx32 --enable-multilib --with-tune=generic --enable-checking=release --build=x86_64-linux-gnu --host=x86_64-linux-gnu --target=x86_64-linux-gnu]
  ignore line: [Thread model: posix]
  ignore line: [gcc version 4.9.2 (Ubuntu 4.9.2-10ubuntu13) ]
  ignore line: [COMPILER_PATH=/usr/lib/gcc/x86_64-linux-gnu/4.9/:/usr/lib/gcc/x86_64-linux-gnu/4.9/:/usr/lib/gcc/x86_64-linux-gnu/:/usr/lib/gcc/x86_64-linux-gnu/4.9/:/usr/lib/gcc/x86_64-linux-gnu/]
  ignore line: [LIBRARY_PATH=/usr/lib/gcc/x86_64-linux-gnu/4.9/:/usr/lib/gcc/x86_64-linux-gnu/4.9/../../../x86_64-linux-gnu/:/usr/lib/gcc/x86_64-linux-gnu/4.9/../../../../lib/:/lib/x86_64-linux-gnu/:/lib/../lib/:/usr/lib/x86_64-linux-gnu/:/usr/lib/../lib/:/usr/lib/gcc/x86_64-linux-gnu/4.9/../../../:/lib/:/usr/lib/]
  ignore line: [COLLECT_GCC_OPTIONS='-v' '-o' 'cmTryCompileExec920476099' '-rdynamic' '-mtune=generic' '-march=x86-64']
  link line: [ /usr/lib/gcc/x86_64-linux-gnu/4.9/collect2 -plugin /usr/lib/gcc/x86_64-linux-gnu/4.9/liblto_plugin.so -plugin-opt=/usr/lib/gcc/x86_64-linux-gnu/4.9/lto-wrapper -plugin-opt=-fresolution=/tmp/ccplJeLI.res -plugin-opt=-pass-through=-lgcc -plugin-opt=-pass-through=-lgcc_s -plugin-opt=-pass-through=-lc -plugin-opt=-pass-through=-lgcc -plugin-opt=-pass-through=-lgcc_s --sysroot=/ --build-id --eh-frame-hdr -m elf_x86_64 --hash-style=gnu --as-needed -export-dynamic -dynamic-linker /lib64/ld-linux-x86-64.so.2 -z relro -o cmTryCompileExec920476099 /usr/lib/gcc/x86_64-linux-gnu/4.9/../../../x86_64-linux-gnu/crt1.o /usr/lib/gcc/x86_64-linux-gnu/4.9/../../../x86_64-linux-gnu/crti.o /usr/lib/gcc/x86_64-linux-gnu/4.9/crtbegin.o -L/usr/lib/gcc/x86_64-linux-gnu/4.9 -L/usr/lib/gcc/x86_64-linux-gnu/4.9/../../../x86_64-linux-gnu -L/usr/lib/gcc/x86_64-linux-gnu/4.9/../../../../lib -L/lib/x86_64-linux-gnu -L/lib/../lib -L/usr/lib/x86_64-linux-gnu -L/usr/lib/../lib -L/usr/lib/gcc/x86_64-linux-gnu/4.9/../../.. CMakeFiles/cmTryCompileExec920476099.dir/CMakeCCompilerABI.c.o -lgcc --as-needed -lgcc_s --no-as-needed -lc -lgcc --as-needed -lgcc_s --no-as-needed /usr/lib/gcc/x86_64-linux-gnu/4.9/crtend.o /usr/lib/gcc/x86_64-linux-gnu/4.9/../../../x86_64-linux-gnu/crtn.o]
    arg [/usr/lib/gcc/x86_64-linux-gnu/4.9/collect2] ==> ignore
    arg [-plugin] ==> ignore
    arg [/usr/lib/gcc/x86_64-linux-gnu/4.9/liblto_plugin.so] ==> ignore
    arg [-plugin-opt=/usr/lib/gcc/x86_64-linux-gnu/4.9/lto-wrapper] ==> ignore
    arg [-plugin-opt=-fresolution=/tmp/ccplJeLI.res] ==> ignore
    arg [-plugin-opt=-pass-through=-lgcc] ==> ignore
    arg [-plugin-opt=-pass-through=-lgcc_s] ==> ignore
    arg [-plugin-opt=-pass-through=-lc] ==> ignore
    arg [-plugin-opt=-pass-through=-lgcc] ==> ignore
    arg [-plugin-opt=-pass-through=-lgcc_s] ==> ignore
    arg [--sysroot=/] ==> ignore
    arg [--build-id] ==> ignore
    arg [--eh-frame-hdr] ==> ignore
    arg [-m] ==> ignore
    arg [elf_x86_64] ==> ignore
    arg [--hash-style=gnu] ==> ignore
    arg [--as-needed] ==> ignore
    arg [-export-dynamic] ==> ignore
    arg [-dynamic-linker] ==> ignore
    arg [/lib64/ld-linux-x86-64.so.2] ==> ignore
    arg [-zrelro] ==> ignore
    arg [-o] ==> ignore
    arg [cmTryCompileExec920476099] ==> ignore
    arg [/usr/lib/gcc/x86_64-linux-gnu/4.9/../../../x86_64-linux-gnu/crt1.o] ==> ignore
    arg [/usr/lib/gcc/x86_64-linux-gnu/4.9/../../../x86_64-linux-gnu/crti.o] ==> ignore
    arg [/usr/lib/gcc/x86_64-linux-gnu/4.9/crtbegin.o] ==> ignore
    arg [-L/usr/lib/gcc/x86_64-linux-gnu/4.9] ==> dir [/usr/lib/gcc/x86_64-linux-gnu/4.9]
    arg [-L/usr/lib/gcc/x86_64-linux-gnu/4.9/../../../x86_64-linux-gnu] ==> dir [/usr/lib/gcc/x86_64-linux-gnu/4.9/../../../x86_64-linux-gnu]
    arg [-L/usr/lib/gcc/x86_64-linux-gnu/4.9/../../../../lib] ==> dir [/usr/lib/gcc/x86_64-linux-gnu/4.9/../../../../lib]
    arg [-L/lib/x86_64-linux-gnu] ==> dir [/lib/x86_64-linux-gnu]
    arg [-L/lib/../lib] ==> dir [/lib/../lib]
    arg [-L/usr/lib/x86_64-linux-gnu] ==> dir [/usr/lib/x86_64-linux-gnu]
    arg [-L/usr/lib/../lib] ==> dir [/usr/lib/../lib]
    arg [-L/usr/lib/gcc/x86_64-linux-gnu/4.9/../../..] ==> dir [/usr/lib/gcc/x86_64-linux-gnu/4.9/../../..]
    arg [CMakeFiles/cmTryCompileExec920476099.dir/CMakeCCompilerABI.c.o] ==> ignore
    arg [-lgcc] ==> lib [gcc]
    arg [--as-needed] ==> ignore
    arg [-lgcc_s] ==> lib [gcc_s]
    arg [--no-as-needed] ==> ignore
    arg [-lc] ==> lib [c]
    arg [-lgcc] ==> lib [gcc]
    arg [--as-needed] ==> ignore
    arg [-lgcc_s] ==> lib [gcc_s]
    arg [--no-as-needed] ==> ignore
    arg [/usr/lib/gcc/x86_64-linux-gnu/4.9/crtend.o] ==> ignore
    arg [/usr/lib/gcc/x86_64-linux-gnu/4.9/../../../x86_64-linux-gnu/crtn.o] ==> ignore
  remove lib [gcc]
  remove lib [gcc_s]
  remove lib [gcc]
  remove lib [gcc_s]
  collapse library dir [/usr/lib/gcc/x86_64-linux-gnu/4.9] ==> [/usr/lib/gcc/x86_64-linux-gnu/4.9]
  collapse library dir [/usr/lib/gcc/x86_64-linux-gnu/4.9/../../../x86_64-linux-gnu] ==> [/usr/lib/x86_64-linux-gnu]
  collapse library dir [/usr/lib/gcc/x86_64-linux-gnu/4.9/../../../../lib] ==> [/usr/lib]
  collapse library dir [/lib/x86_64-linux-gnu] ==> [/lib/x86_64-linux-gnu]
  collapse library dir [/lib/../lib] ==> [/lib]
  collapse library dir [/usr/lib/x86_64-linux-gnu] ==> [/usr/lib/x86_64-linux-gnu]
  collapse library dir [/usr/lib/../lib] ==> [/usr/lib]
  collapse library dir [/usr/lib/gcc/x86_64-linux-gnu/4.9/../../..] ==> [/usr/lib]
  implicit libs: [c]
  implicit dirs: [/usr/lib/gcc/x86_64-linux-gnu/4.9;/usr/lib/x86_64-linux-gnu;/usr/lib;/lib/x86_64-linux-gnu;/lib]
  implicit fwks: []


Determining if the CXX compiler works passed with the following output:
Change Dir: /home/todd/vegastrike/vegastrike/build/CMakeFiles/CMakeTmp

Run Build Command:"/usr/bin/make" "cmTryCompileExec1707289626/fast"
/usr/bin/make -f CMakeFiles/cmTryCompileExec1707289626.dir/build.make CMakeFiles/cmTryCompileExec1707289626.dir/build
make[1]: Entering directory '/home/todd/vegastrike/vegastrike/build/CMakeFiles/CMakeTmp'
/usr/bin/cmake -E cmake_progress_report /home/todd/vegastrike/vegastrike/build/CMakeFiles/CMakeTmp/CMakeFiles 1
Building CXX object CMakeFiles/cmTryCompileExec1707289626.dir/testCXXCompiler.cxx.o
/usr/bin/c++     -o CMakeFiles/cmTryCompileExec1707289626.dir/testCXXCompiler.cxx.o -c /home/todd/vegastrike/vegastrike/build/CMakeFiles/CMakeTmp/testCXXCompiler.cxx
Linking CXX executable cmTryCompileExec1707289626
/usr/bin/cmake -E cmake_link_script CMakeFiles/cmTryCompileExec1707289626.dir/link.txt --verbose=1
/usr/bin/c++        CMakeFiles/cmTryCompileExec1707289626.dir/testCXXCompiler.cxx.o  -o cmTryCompileExec1707289626 -rdynamic 
make[1]: Leaving directory '/home/todd/vegastrike/vegastrike/build/CMakeFiles/CMakeTmp'


Detecting CXX compiler ABI info compiled with the following output:
Change Dir: /home/todd/vegastrike/vegastrike/build/CMakeFiles/CMakeTmp

Run Build Command:"/usr/bin/make" "cmTryCompileExec1824272780/fast"
/usr/bin/make -f CMakeFiles/cmTryCompileExec1824272780.dir/build.make CMakeFiles/cmTryCompileExec1824272780.dir/build
make[1]: Entering directory '/home/todd/vegastrike/vegastrike/build/CMakeFiles/CMakeTmp'
/usr/bin/cmake -E cmake_progress_report /home/todd/vegastrike/vegastrike/build/CMakeFiles/CMakeTmp/CMakeFiles 1
Building CXX object CMakeFiles/cmTryCompileExec1824272780.dir/CMakeCXXCompilerABI.cpp.o
/usr/bin/c++     -o CMakeFiles/cmTryCompileExec1824272780.dir/CMakeCXXCompilerABI.cpp.o -c /usr/share/cmake-3.0/Modules/CMakeCXXCompilerABI.cpp
Linking CXX executable cmTryCompileExec1824272780
/usr/bin/cmake -E cmake_link_script CMakeFiles/cmTryCompileExec1824272780.dir/link.txt --verbose=1
/usr/bin/c++      -v CMakeFiles/cmTryCompileExec1824272780.dir/CMakeCXXCompilerABI.cpp.o  -o cmTryCompileExec1824272780 -rdynamic  
Using built-in specs.
COLLECT_GCC=/usr/bin/c++
COLLECT_LTO_WRAPPER=/usr/lib/gcc/x86_64-linux-gnu/4.9/lto-wrapper
Target: x86_64-linux-gnu
Configured with: ../src/configure -v --with-pkgversion='Ubuntu 4.9.2-10ubuntu13' --with-bugurl=file:///usr/share/doc/gcc-4.9/README.Bugs --enable-languages=c,c++,java,go,d,fortran,objc,obj-c++ --prefix=/usr --program-suffix=-4.9 --enable-shared --enable-linker-build-id --libexecdir=/usr/lib --without-included-gettext --enable-threads=posix --with-gxx-include-dir=/usr/include/c++/4.9 --libdir=/usr/lib --enable-nls --with-sysroot=/ --enable-clocale=gnu --enable-libstdcxx-debug --enable-libstdcxx-time=yes --enable-gnu-unique-object --disable-vtable-verify --enable-plugin --with-system-zlib --disable-browser-plugin --enable-java-awt=gtk --enable-gtk-cairo --with-java-home=/usr/lib/jvm/java-1.5.0-gcj-4.9-amd64/jre --enable-java-home --with-jvm-root-dir=/usr/lib/jvm/java-1.5.0-gcj-4.9-amd64 --with-jvm-jar-dir=/usr/lib/jvm-exports/java-1.5.0-gcj-4.9-amd64 --with-arch-directory=amd64 --with-ecj-jar=/usr/share/java/eclipse-ecj.jar --enable-objc-gc --enable-multiarch --disable-werror --with-arch-32=i686 --with-abi=m64 --with-multilib-list=m32,m64,mx32 --enable-multilib --with-tune=generic --enable-checking=release --build=x86_64-linux-gnu --host=x86_64-linux-gnu --target=x86_64-linux-gnu
Thread model: posix
gcc version 4.9.2 (Ubuntu 4.9.2-10ubuntu13) 
COMPILER_PATH=/usr/lib/gcc/x86_64-linux-gnu/4.9/:/usr/lib/gcc/x86_64-linux-gnu/4.9/:/usr/lib/gcc/x86_64-linux-gnu/:/usr/lib/gcc/x86_64-linux-gnu/4.9/:/usr/lib/gcc/x86_64-linux-gnu/
LIBRARY_PATH=/usr/lib/gcc/x86_64-linux-gnu/4.9/:/usr/lib/gcc/x86_64-linux-gnu/4.9/../../../x86_64-linux-gnu/:/usr/lib/gcc/x86_64-linux-gnu/4.9/../../../../lib/:/lib/x86_64-linux-gnu/:/lib/../lib/:/usr/lib/x86_64-linux-gnu/:/usr/lib/../lib/:/usr/lib/gcc/x86_64-linux-gnu/4.9/../../../:/lib/:/usr/lib/
COLLECT_GCC_OPTIONS='-v' '-o' 'cmTryCompileExec1824272780' '-rdynamic' '-shared-libgcc' '-mtune=generic' '-march=x86-64'
 /usr/lib/gcc/x86_64-linux-gnu/4.9/collect2 -plugin /usr/lib/gcc/x86_64-linux-gnu/4.9/liblto_plugin.so -plugin-opt=/usr/lib/gcc/x86_64-linux-gnu/4.9/lto-wrapper -plugin-opt=-fresolution=/tmp/ccMRxp8X.res -plugin-opt=-pass-through=-lgcc_s -plugin-opt=-pass-through=-lgcc -plugin-opt=-pass-through=-lc -plugin-opt=-pass-through=-lgcc_s -plugin-opt=-pass-through=-lgcc --sysroot=/ --build-id --eh-frame-hdr -m elf_x86_64 --hash-style=gnu --as-needed -export-dynamic -dynamic-linker /lib64/ld-linux-x86-64.so.2 -z relro -o cmTryCompileExec1824272780 /usr/lib/gcc/x86_64-linux-gnu/4.9/../../../x86_64-linux-gnu/crt1.o /usr/lib/gcc/x86_64-linux-gnu/4.9/../../../x86_64-linux-gnu/crti.o /usr/lib/gcc/x86_64-linux-gnu/4.9/crtbegin.o -L/usr/lib/gcc/x86_64-linux-gnu/4.9 -L/usr/lib/gcc/x86_64-linux-gnu/4.9/../../../x86_64-linux-gnu -L/usr/lib/gcc/x86_64-linux-gnu/4.9/../../../../lib -L/lib/x86_64-linux-gnu -L/lib/../lib -L/usr/lib/x86_64-linux-gnu -L/usr/lib/../lib -L/usr/lib/gcc/x86_64-linux-gnu/4.9/../../.. CMakeFiles/cmTryCompileExec1824272780.dir/CMakeCXXCompilerABI.cpp.o -lstdc++ -lm -lgcc_s -lgcc -lc -lgcc_s -lgcc /usr/lib/gcc/x86_64-linux-gnu/4.9/crtend.o /usr/lib/gcc/x86_64-linux-gnu/4.9/../../../x86_64-linux-gnu/crtn.o
make[1]: Leaving directory '/home/todd/vegastrike/vegastrike/build/CMakeFiles/CMakeTmp'


Parsed CXX implicit link information from above output:
  link line regex: [^( *|.*[/\])(ld|([^/\]+-)?ld|collect2)[^/\]*( |$)]
  ignore line: [Change Dir: /home/todd/vegastrike/vegastrike/build/CMakeFiles/CMakeTmp]
  ignore line: []
  ignore line: [Run Build Command:"/usr/bin/make" "cmTryCompileExec1824272780/fast"]
  ignore line: [/usr/bin/make -f CMakeFiles/cmTryCompileExec1824272780.dir/build.make CMakeFiles/cmTryCompileExec1824272780.dir/build]
  ignore line: [make[1]: Entering directory '/home/todd/vegastrike/vegastrike/build/CMakeFiles/CMakeTmp']
  ignore line: [/usr/bin/cmake -E cmake_progress_report /home/todd/vegastrike/vegastrike/build/CMakeFiles/CMakeTmp/CMakeFiles 1]
  ignore line: [Building CXX object CMakeFiles/cmTryCompileExec1824272780.dir/CMakeCXXCompilerABI.cpp.o]
  ignore line: [/usr/bin/c++     -o CMakeFiles/cmTryCompileExec1824272780.dir/CMakeCXXCompilerABI.cpp.o -c /usr/share/cmake-3.0/Modules/CMakeCXXCompilerABI.cpp]
  ignore line: [Linking CXX executable cmTryCompileExec1824272780]
  ignore line: [/usr/bin/cmake -E cmake_link_script CMakeFiles/cmTryCompileExec1824272780.dir/link.txt --verbose=1]
  ignore line: [/usr/bin/c++      -v CMakeFiles/cmTryCompileExec1824272780.dir/CMakeCXXCompilerABI.cpp.o  -o cmTryCompileExec1824272780 -rdynamic  ]
  ignore line: [Using built-in specs.]
  ignore line: [COLLECT_GCC=/usr/bin/c++]
  ignore line: [COLLECT_LTO_WRAPPER=/usr/lib/gcc/x86_64-linux-gnu/4.9/lto-wrapper]
  ignore line: [Target: x86_64-linux-gnu]
  ignore line: [Configured with: ../src/configure -v --with-pkgversion='Ubuntu 4.9.2-10ubuntu13' --with-bugurl=file:///usr/share/doc/gcc-4.9/README.Bugs --enable-languages=c,c++,java,go,d,fortran,objc,obj-c++ --prefix=/usr --program-suffix=-4.9 --enable-shared --enable-linker-build-id --libexecdir=/usr/lib --without-included-gettext --enable-threads=posix --with-gxx-include-dir=/usr/include/c++/4.9 --libdir=/usr/lib --enable-nls --with-sysroot=/ --enable-clocale=gnu --enable-libstdcxx-debug --enable-libstdcxx-time=yes --enable-gnu-unique-object --disable-vtable-verify --enable-plugin --with-system-zlib --disable-browser-plugin --enable-java-awt=gtk --enable-gtk-cairo --with-java-home=/usr/lib/jvm/java-1.5.0-gcj-4.9-amd64/jre --enable-java-home --with-jvm-root-dir=/usr/lib/jvm/java-1.5.0-gcj-4.9-amd64 --with-jvm-jar-dir=/usr/lib/jvm-exports/java-1.5.0-gcj-4.9-amd64 --with-arch-directory=amd64 --with-ecj-jar=/usr/share/java/eclipse-ecj.jar --enable-objc-gc --enable-multiarch --disable-werror --with-arch-32=i686 --with-abi=m64 --with-multilib-list=m32,m64,mx32 --enable-multilib --with-tune=generic --enable-checking=release --build=x86_64-linux-gnu --host=x86_64-linux-gnu --target=x86_64-linux-gnu]
  ignore line: [Thread model: posix]
  ignore line: [gcc version 4.9.2 (Ubuntu 4.9.2-10ubuntu13) ]
  ignore line: [COMPILER_PATH=/usr/lib/gcc/x86_64-linux-gnu/4.9/:/usr/lib/gcc/x86_64-linux-gnu/4.9/:/usr/lib/gcc/x86_64-linux-gnu/:/usr/lib/gcc/x86_64-linux-gnu/4.9/:/usr/lib/gcc/x86_64-linux-gnu/]
  ignore line: [LIBRARY_PATH=/usr/lib/gcc/x86_64-linux-gnu/4.9/:/usr/lib/gcc/x86_64-linux-gnu/4.9/../../../x86_64-linux-gnu/:/usr/lib/gcc/x86_64-linux-gnu/4.9/../../../../lib/:/lib/x86_64-linux-gnu/:/lib/../lib/:/usr/lib/x86_64-linux-gnu/:/usr/lib/../lib/:/usr/lib/gcc/x86_64-linux-gnu/4.9/../../../:/lib/:/usr/lib/]
  ignore line: [COLLECT_GCC_OPTIONS='-v' '-o' 'cmTryCompileExec1824272780' '-rdynamic' '-shared-libgcc' '-mtune=generic' '-march=x86-64']
  link line: [ /usr/lib/gcc/x86_64-linux-gnu/4.9/collect2 -plugin /usr/lib/gcc/x86_64-linux-gnu/4.9/liblto_plugin.so -plugin-opt=/usr/lib/gcc/x86_64-linux-gnu/4.9/lto-wrapper -plugin-opt=-fresolution=/tmp/ccMRxp8X.res -plugin-opt=-pass-through=-lgcc_s -plugin-opt=-pass-through=-lgcc -plugin-opt=-pass-through=-lc -plugin-opt=-pass-through=-lgcc_s -plugin-opt=-pass-through=-lgcc --sysroot=/ --build-id --eh-frame-hdr -m elf_x86_64 --hash-style=gnu --as-needed -export-dynamic -dynamic-linker /lib64/ld-linux-x86-64.so.2 -z relro -o cmTryCompileExec1824272780 /usr/lib/gcc/x86_64-linux-gnu/4.9/../../../x86_64-linux-gnu/crt1.o /usr/lib/gcc/x86_64-linux-gnu/4.9/../../../x86_64-linux-gnu/crti.o /usr/lib/gcc/x86_64-linux-gnu/4.9/crtbegin.o -L/usr/lib/gcc/x86_64-linux-gnu/4.9 -L/usr/lib/gcc/x86_64-linux-gnu/4.9/../../../x86_64-linux-gnu -L/usr/lib/gcc/x86_64-linux-gnu/4.9/../../../../lib -L/lib/x86_64-linux-gnu -L/lib/../lib -L/usr/lib/x86_64-linux-gnu -L/usr/lib/../lib -L/usr/lib/gcc/x86_64-linux-gnu/4.9/../../.. CMakeFiles/cmTryCompileExec1824272780.dir/CMakeCXXCompilerABI.cpp.o -lstdc++ -lm -lgcc_s -lgcc -lc -lgcc_s -lgcc /usr/lib/gcc/x86_64-linux-gnu/4.9/crtend.o /usr/lib/gcc/x86_64-linux-gnu/4.9/../../../x86_64-linux-gnu/crtn.o]
    arg [/usr/lib/gcc/x86_64-linux-gnu/4.9/collect2] ==> ignore
    arg [-plugin] ==> ignore
    arg [/usr/lib/gcc/x86_64-linux-gnu/4.9/liblto_plugin.so] ==> ignore
    arg [-plugin-opt=/usr/lib/gcc/x86_64-linux-gnu/4.9/lto-wrapper] ==> ignore
    arg [-plugin-opt=-fresolution=/tmp/ccMRxp8X.res] ==> ignore
    arg [-plugin-opt=-pass-through=-lgcc_s] ==> ignore
    arg [-plugin-opt=-pass-through=-lgcc] ==> ignore
    arg [-plugin-opt=-pass-through=-lc] ==> ignore
    arg [-plugin-opt=-pass-through=-lgcc_s] ==> ignore
    arg [-plugin-opt=-pass-through=-lgcc] ==> ignore
    arg [--sysroot=/] ==> ignore
    arg [--build-id] ==> ignore
    arg [--eh-frame-hdr] ==> ignore
    arg [-m] ==> ignore
    arg [elf_x86_64] ==> ignore
    arg [--hash-style=gnu] ==> ignore
    arg [--as-needed] ==> ignore
    arg [-export-dynamic] ==> ignore
    arg [-dynamic-linker] ==> ignore
    arg [/lib64/ld-linux-x86-64.so.2] ==> ignore
    arg [-zrelro] ==> ignore
    arg [-o] ==> ignore
    arg [cmTryCompileExec1824272780] ==> ignore
    arg [/usr/lib/gcc/x86_64-linux-gnu/4.9/../../../x86_64-linux-gnu/crt1.o] ==> ignore
    arg [/usr/lib/gcc/x86_64-linux-gnu/4.9/../../../x86_64-linux-gnu/crti.o] ==> ignore
    arg [/usr/lib/gcc/x86_64-linux-gnu/4.9/crtbegin.o] ==> ignore
    arg [-L/usr/lib/gcc/x86_64-linux-gnu/4.9] ==> dir [/usr/lib/gcc/x86_64-linux-gnu/4.9]
    arg [-L/usr/lib/gcc/x86_64-linux-gnu/4.9/../../../x86_64-linux-gnu] ==> dir [/usr/lib/gcc/x86_64-linux-gnu/4.9/../../../x86_64-linux-gnu]
    arg [-L/usr/lib/gcc/x86_64-linux-gnu/4.9/../../../../lib] ==> dir [/usr/lib/gcc/x86_64-linux-gnu/4.9/../../../../lib]
    arg [-L/lib/x86_64-linux-gnu] ==> dir [/lib/x86_64-linux-gnu]
    arg [-L/lib/../lib] ==> dir [/lib/../lib]
    arg [-L/usr/lib/x86_64-linux-gnu] ==> dir [/usr/lib/x86_64-linux-gnu]
    arg [-L/usr/lib/../lib] ==> dir [/usr/lib/../lib]
    arg [-L/usr/lib/gcc/x86_64-linux-gnu/4.9/../../..] ==> dir [/usr/lib/gcc/x86_64-linux-gnu/4.9/../../..]
    arg [CMakeFiles/cmTryCompileExec1824272780.dir/CMakeCXXCompilerABI.cpp.o] ==> ignore
    arg [-lstdc++] ==> lib [stdc++]
    arg [-lm] ==> lib [m]
    arg [-lgcc_s] ==> lib [gcc_s]
    arg [-lgcc] ==> lib [gcc]
    arg [-lc] ==> lib [c]
    arg [-lgcc_s] ==> lib [gcc_s]
    arg [-lgcc] ==> lib [gcc]
    arg [/usr/lib/gcc/x86_64-linux-gnu/4.9/crtend.o] ==> ignore
    arg [/usr/lib/gcc/x86_64-linux-gnu/4.9/../../../x86_64-linux-gnu/crtn.o] ==> ignore
  remove lib [gcc_s]
  remove lib [gcc]
  remove lib [gcc_s]
  remove lib [gcc]
  collapse library dir [/usr/lib/gcc/x86_64-linux-gnu/4.9] ==> [/usr/lib/gcc/x86_64-linux-gnu/4.9]
  collapse library dir [/usr/lib/gcc/x86_64-linux-gnu/4.9/../../../x86_64-linux-gnu] ==> [/usr/lib/x86_64-linux-gnu]
  collapse library dir [/usr/lib/gcc/x86_64-linux-gnu/4.9/../../../../lib] ==> [/usr/lib]
  collapse library dir [/lib/x86_64-linux-gnu] ==> [/lib/x86_64-linux-gnu]
  collapse library dir [/lib/../lib] ==> [/lib]
  collapse library dir [/usr/lib/x86_64-linux-gnu] ==> [/usr/lib/x86_64-linux-gnu]
  collapse library dir [/usr/lib/../lib] ==> [/usr/lib]
  collapse library dir [/usr/lib/gcc/x86_64-linux-gnu/4.9/../../..] ==> [/usr/lib]
  implicit libs: [stdc++;m;c]
  implicit dirs: [/usr/lib/gcc/x86_64-linux-gnu/4.9;/usr/lib/x86_64-linux-gnu;/usr/lib;/lib/x86_64-linux-gnu;/lib]
  implicit fwks: []


Determining size of void* passed with the following output:
Change Dir: /home/todd/vegastrike/vegastrike/build/CMakeFiles/CMakeTmp

Run Build Command:"/usr/bin/make" "cmTryCompileExec3356544803/fast"
/usr/bin/make -f CMakeFiles/cmTryCompileExec3356544803.dir/build.make CMakeFiles/cmTryCompileExec3356544803.dir/build
make[1]: Entering directory '/home/todd/vegastrike/vegastrike/build/CMakeFiles/CMakeTmp'
/usr/bin/cmake -E cmake_progress_report /home/todd/vegastrike/vegastrike/build/CMakeFiles/CMakeTmp/CMakeFiles 1
Building C object CMakeFiles/cmTryCompileExec3356544803.dir/SIZEOF_VOID_P.c.o
/usr/bin/cc    -o CMakeFiles/cmTryCompileExec3356544803.dir/SIZEOF_VOID_P.c.o   -c /home/todd/vegastrike/vegastrike/build/CMakeFiles/CheckTypeSize/SIZEOF_VOID_P.c
Linking C executable cmTryCompileExec3356544803
/usr/bin/cmake -E cmake_link_script CMakeFiles/cmTryCompileExec3356544803.dir/link.txt --verbose=1
/usr/bin/cc       CMakeFiles/cmTryCompileExec3356544803.dir/SIZEOF_VOID_P.c.o  -o cmTryCompileExec3356544803 -rdynamic 
make[1]: Leaving directory '/home/todd/vegastrike/vegastrike/build/CMakeFiles/CMakeTmp'


Determining if the function XOpenDisplay exists in the /usr/lib/x86_64-linux-gnu/libX11.so;/usr/lib/x86_64-linux-gnu/libXext.so passed with the following output:
Change Dir: /home/todd/vegastrike/vegastrike/build/CMakeFiles/CMakeTmp

Run Build Command:"/usr/bin/make" "cmTryCompileExec921354903/fast"
/usr/bin/make -f CMakeFiles/cmTryCompileExec921354903.dir/build.make CMakeFiles/cmTryCompileExec921354903.dir/build
make[1]: Entering directory '/home/todd/vegastrike/vegastrike/build/CMakeFiles/CMakeTmp'
/usr/bin/cmake -E cmake_progress_report /home/todd/vegastrike/vegastrike/build/CMakeFiles/CMakeTmp/CMakeFiles 1
Building C object CMakeFiles/cmTryCompileExec921354903.dir/CheckFunctionExists.c.o
/usr/bin/cc   -DCHECK_FUNCTION_EXISTS=XOpenDisplay   -o CMakeFiles/cmTryCompileExec921354903.dir/CheckFunctionExists.c.o   -c /usr/share/cmake-3.0/Modules/CheckFunctionExists.c
Linking C executable cmTryCompileExec921354903
/usr/bin/cmake -E cmake_link_script CMakeFiles/cmTryCompileExec921354903.dir/link.txt --verbose=1
/usr/bin/cc   -DCHECK_FUNCTION_EXISTS=XOpenDisplay    CMakeFiles/cmTryCompileExec921354903.dir/CheckFunctionExists.c.o  -o cmTryCompileExec921354903 -rdynamic -lX11 -lXext 
make[1]: Leaving directory '/home/todd/vegastrike/vegastrike/build/CMakeFiles/CMakeTmp'


Determining if the function gethostbyname exists passed with the following output:
Change Dir: /home/todd/vegastrike/vegastrike/build/CMakeFiles/CMakeTmp

Run Build Command:"/usr/bin/make" "cmTryCompileExec3218806754/fast"
/usr/bin/make -f CMakeFiles/cmTryCompileExec3218806754.dir/build.make CMakeFiles/cmTryCompileExec3218806754.dir/build
make[1]: Entering directory '/home/todd/vegastrike/vegastrike/build/CMakeFiles/CMakeTmp'
/usr/bin/cmake -E cmake_progress_report /home/todd/vegastrike/vegastrike/build/CMakeFiles/CMakeTmp/CMakeFiles 1
Building C object CMakeFiles/cmTryCompileExec3218806754.dir/CheckFunctionExists.c.o
/usr/bin/cc   -DCHECK_FUNCTION_EXISTS=gethostbyname   -o CMakeFiles/cmTryCompileExec3218806754.dir/CheckFunctionExists.c.o   -c /usr/share/cmake-3.0/Modules/CheckFunctionExists.c
Linking C executable cmTryCompileExec3218806754
/usr/bin/cmake -E cmake_link_script CMakeFiles/cmTryCompileExec3218806754.dir/link.txt --verbose=1
/usr/bin/cc   -DCHECK_FUNCTION_EXISTS=gethostbyname    CMakeFiles/cmTryCompileExec3218806754.dir/CheckFunctionExists.c.o  -o cmTryCompileExec3218806754 -rdynamic 
make[1]: Leaving directory '/home/todd/vegastrike/vegastrike/build/CMakeFiles/CMakeTmp'


Determining if the function connect exists passed with the following output:
Change Dir: /home/todd/vegastrike/vegastrike/build/CMakeFiles/CMakeTmp

Run Build Command:"/usr/bin/make" "cmTryCompileExec3020724460/fast"
/usr/bin/make -f CMakeFiles/cmTryCompileExec3020724460.dir/build.make CMakeFiles/cmTryCompileExec3020724460.dir/build
make[1]: Entering directory '/home/todd/vegastrike/vegastrike/build/CMakeFiles/CMakeTmp'
/usr/bin/cmake -E cmake_progress_report /home/todd/vegastrike/vegastrike/build/CMakeFiles/CMakeTmp/CMakeFiles 1
Building C object CMakeFiles/cmTryCompileExec3020724460.dir/CheckFunctionExists.c.o
/usr/bin/cc   -DCHECK_FUNCTION_EXISTS=connect   -o CMakeFiles/cmTryCompileExec3020724460.dir/CheckFunctionExists.c.o   -c /usr/share/cmake-3.0/Modules/CheckFunctionExists.c
Linking C executable cmTryCompileExec3020724460
/usr/bin/cmake -E cmake_link_script CMakeFiles/cmTryCompileExec3020724460.dir/link.txt --verbose=1
/usr/bin/cc   -DCHECK_FUNCTION_EXISTS=connect    CMakeFiles/cmTryCompileExec3020724460.dir/CheckFunctionExists.c.o  -o cmTryCompileExec3020724460 -rdynamic 
make[1]: Leaving directory '/home/todd/vegastrike/vegastrike/build/CMakeFiles/CMakeTmp'


Determining if the function remove exists passed with the following output:
Change Dir: /home/todd/vegastrike/vegastrike/build/CMakeFiles/CMakeTmp

Run Build Command:"/usr/bin/make" "cmTryCompileExec2870740705/fast"
/usr/bin/make -f CMakeFiles/cmTryCompileExec2870740705.dir/build.make CMakeFiles/cmTryCompileExec2870740705.dir/build
make[1]: Entering directory '/home/todd/vegastrike/vegastrike/build/CMakeFiles/CMakeTmp'
/usr/bin/cmake -E cmake_progress_report /home/todd/vegastrike/vegastrike/build/CMakeFiles/CMakeTmp/CMakeFiles 1
Building C object CMakeFiles/cmTryCompileExec2870740705.dir/CheckFunctionExists.c.o
/usr/bin/cc   -DCHECK_FUNCTION_EXISTS=remove   -o CMakeFiles/cmTryCompileExec2870740705.dir/CheckFunctionExists.c.o   -c /usr/share/cmake-3.0/Modules/CheckFunctionExists.c
Linking C executable cmTryCompileExec2870740705
/usr/bin/cmake -E cmake_link_script CMakeFiles/cmTryCompileExec2870740705.dir/link.txt --verbose=1
/usr/bin/cc   -DCHECK_FUNCTION_EXISTS=remove    CMakeFiles/cmTryCompileExec2870740705.dir/CheckFunctionExists.c.o  -o cmTryCompileExec2870740705 -rdynamic 
make[1]: Leaving directory '/home/todd/vegastrike/vegastrike/build/CMakeFiles/CMakeTmp'


Determining if the function shmat exists passed with the following output:
Change Dir: /home/todd/vegastrike/vegastrike/build/CMakeFiles/CMakeTmp

Run Build Command:"/usr/bin/make" "cmTryCompileExec3518002814/fast"
/usr/bin/make -f CMakeFiles/cmTryCompileExec3518002814.dir/build.make CMakeFiles/cmTryCompileExec3518002814.dir/build
make[1]: Entering directory '/home/todd/vegastrike/vegastrike/build/CMakeFiles/CMakeTmp'
/usr/bin/cmake -E cmake_progress_report /home/todd/vegastrike/vegastrike/build/CMakeFiles/CMakeTmp/CMakeFiles 1
Building C object CMakeFiles/cmTryCompileExec3518002814.dir/CheckFunctionExists.c.o
/usr/bin/cc   -DCHECK_FUNCTION_EXISTS=shmat   -o CMakeFiles/cmTryCompileExec3518002814.dir/CheckFunctionExists.c.o   -c /usr/share/cmake-3.0/Modules/CheckFunctionExists.c
Linking C executable cmTryCompileExec3518002814
/usr/bin/cmake -E cmake_link_script CMakeFiles/cmTryCompileExec3518002814.dir/link.txt --verbose=1
/usr/bin/cc   -DCHECK_FUNCTION_EXISTS=shmat    CMakeFiles/cmTryCompileExec3518002814.dir/CheckFunctionExists.c.o  -o cmTryCompileExec3518002814 -rdynamic 
make[1]: Leaving directory '/home/todd/vegastrike/vegastrike/build/CMakeFiles/CMakeTmp'


Determining if the function IceConnectionNumber exists in the ICE passed with the following output:
Change Dir: /home/todd/vegastrike/vegastrike/build/CMakeFiles/CMakeTmp

Run Build Command:"/usr/bin/make" "cmTryCompileExec2048806527/fast"
/usr/bin/make -f CMakeFiles/cmTryCompileExec2048806527.dir/build.make CMakeFiles/cmTryCompileExec2048806527.dir/build
make[1]: Entering directory '/home/todd/vegastrike/vegastrike/build/CMakeFiles/CMakeTmp'
/usr/bin/cmake -E cmake_progress_report /home/todd/vegastrike/vegastrike/build/CMakeFiles/CMakeTmp/CMakeFiles 1
Building C object CMakeFiles/cmTryCompileExec2048806527.dir/CheckFunctionExists.c.o
/usr/bin/cc   -DCHECK_FUNCTION_EXISTS=IceConnectionNumber   -o CMakeFiles/cmTryCompileExec2048806527.dir/CheckFunctionExists.c.o   -c /usr/share/cmake-3.0/Modules/CheckFunctionExists.c
Linking C executable cmTryCompileExec2048806527
/usr/bin/cmake -E cmake_link_script CMakeFiles/cmTryCompileExec2048806527.dir/link.txt --verbose=1
/usr/bin/cc   -DCHECK_FUNCTION_EXISTS=IceConnectionNumber    CMakeFiles/cmTryCompileExec2048806527.dir/CheckFunctionExists.c.o  -o cmTryCompileExec2048806527 -rdynamic -lICE 
make[1]: Leaving directory '/home/todd/vegastrike/vegastrike/build/CMakeFiles/CMakeTmp'


Determining if files pthread.h exist passed with the following output:
Change Dir: /home/todd/vegastrike/vegastrike/build/CMakeFiles/CMakeTmp

Run Build Command:"/usr/bin/make" "cmTryCompileExec3685186622/fast"
/usr/bin/make -f CMakeFiles/cmTryCompileExec3685186622.dir/build.make CMakeFiles/cmTryCompileExec3685186622.dir/build
make[1]: Entering directory '/home/todd/vegastrike/vegastrike/build/CMakeFiles/CMakeTmp'
/usr/bin/cmake -E cmake_progress_report /home/todd/vegastrike/vegastrike/build/CMakeFiles/CMakeTmp/CMakeFiles 1
Building C object CMakeFiles/cmTryCompileExec3685186622.dir/CheckIncludeFiles.c.o
/usr/bin/cc    -o CMakeFiles/cmTryCompileExec3685186622.dir/CheckIncludeFiles.c.o   -c /home/todd/vegastrike/vegastrike/build/CMakeFiles/CMakeTmp/CheckIncludeFiles.c
Linking C executable cmTryCompileExec3685186622
/usr/bin/cmake -E cmake_link_script CMakeFiles/cmTryCompileExec3685186622.dir/link.txt --verbose=1
/usr/bin/cc       CMakeFiles/cmTryCompileExec3685186622.dir/CheckIncludeFiles.c.o  -o cmTryCompileExec3685186622 -rdynamic 
make[1]: Leaving directory '/home/todd/vegastrike/vegastrike/build/CMakeFiles/CMakeTmp'


Determining if the function pthread_create exists in the pthread passed with the following output:
Change Dir: /home/todd/vegastrike/vegastrike/build/CMakeFiles/CMakeTmp

Run Build Command:"/usr/bin/make" "cmTryCompileExec2730282849/fast"
/usr/bin/make -f CMakeFiles/cmTryCompileExec2730282849.dir/build.make CMakeFiles/cmTryCompileExec2730282849.dir/build
make[1]: Entering directory '/home/todd/vegastrike/vegastrike/build/CMakeFiles/CMakeTmp'
/usr/bin/cmake -E cmake_progress_report /home/todd/vegastrike/vegastrike/build/CMakeFiles/CMakeTmp/CMakeFiles 1
Building C object CMakeFiles/cmTryCompileExec2730282849.dir/CheckFunctionExists.c.o
/usr/bin/cc   -DCHECK_FUNCTION_EXISTS=pthread_create   -o CMakeFiles/cmTryCompileExec2730282849.dir/CheckFunctionExists.c.o   -c /usr/share/cmake-3.0/Modules/CheckFunctionExists.c
Linking C executable cmTryCompileExec2730282849
/usr/bin/cmake -E cmake_link_script CMakeFiles/cmTryCompileExec2730282849.dir/link.txt --verbose=1
/usr/bin/cc   -DCHECK_FUNCTION_EXISTS=pthread_create    CMakeFiles/cmTryCompileExec2730282849.dir/CheckFunctionExists.c.o  -o cmTryCompileExec2730282849 -rdynamic -lpthread 
make[1]: Leaving directory '/home/todd/vegastrike/vegastrike/build/CMakeFiles/CMakeTmp'


Determining if the include file wchar.h exists passed with the following output:
Change Dir: /home/todd/vegastrike/vegastrike/build/CMakeFiles/CMakeTmp

Run Build Command:"/usr/bin/make" "cmTryCompileExec416435501/fast"
/usr/bin/make -f CMakeFiles/cmTryCompileExec416435501.dir/build.make CMakeFiles/cmTryCompileExec416435501.dir/build
make[1]: Entering directory '/home/todd/vegastrike/vegastrike/build/CMakeFiles/CMakeTmp'
/usr/bin/cmake -E cmake_progress_report /home/todd/vegastrike/vegastrike/build/CMakeFiles/CMakeTmp/CMakeFiles 1
Building C object CMakeFiles/cmTryCompileExec416435501.dir/CheckIncludeFile.c.o
/usr/bin/cc    -o CMakeFiles/cmTryCompileExec416435501.dir/CheckIncludeFile.c.o   -c /home/todd/vegastrike/vegastrike/build/CMakeFiles/CMakeTmp/CheckIncludeFile.c
Linking C executable cmTryCompileExec416435501
/usr/bin/cmake -E cmake_link_script CMakeFiles/cmTryCompileExec416435501.dir/link.txt --verbose=1
/usr/bin/cc       CMakeFiles/cmTryCompileExec416435501.dir/CheckIncludeFile.c.o  -o cmTryCompileExec416435501 -rdynamic 
make[1]: Leaving directory '/home/todd/vegastrike/vegastrike/build/CMakeFiles/CMakeTmp'


Determining if the include file float.h exists passed with the following output:
Change Dir: /home/todd/vegastrike/vegastrike/build/CMakeFiles/CMakeTmp

Run Build Command:"/usr/bin/make" "cmTryCompileExec2461928476/fast"
/usr/bin/make -f CMakeFiles/cmTryCompileExec2461928476.dir/build.make CMakeFiles/cmTryCompileExec2461928476.dir/build
make[1]: Entering directory '/home/todd/vegastrike/vegastrike/build/CMakeFiles/CMakeTmp'
/usr/bin/cmake -E cmake_progress_report /home/todd/vegastrike/vegastrike/build/CMakeFiles/CMakeTmp/CMakeFiles 1
Building C object CMakeFiles/cmTryCompileExec2461928476.dir/CheckIncludeFile.c.o
/usr/bin/cc    -o CMakeFiles/cmTryCompileExec2461928476.dir/CheckIncludeFile.c.o   -c /home/todd/vegastrike/vegastrike/build/CMakeFiles/CMakeTmp/CheckIncludeFile.c
Linking C executable cmTryCompileExec2461928476
/usr/bin/cmake -E cmake_link_script CMakeFiles/cmTryCompileExec2461928476.dir/link.txt --verbose=1
/usr/bin/cc       CMakeFiles/cmTryCompileExec2461928476.dir/CheckIncludeFile.c.o  -o cmTryCompileExec2461928476 -rdynamic 
make[1]: Leaving directory '/home/todd/vegastrike/vegastrike/build/CMakeFiles/CMakeTmp'


Determining if the include file wctype.h exists passed with the following output:
Change Dir: /home/todd/vegastrike/vegastrike/build/CMakeFiles/CMakeTmp

Run Build Command:"/usr/bin/make" "cmTryCompileExec1858571437/fast"
/usr/bin/make -f CMakeFiles/cmTryCompileExec1858571437.dir/build.make CMakeFiles/cmTryCompileExec1858571437.dir/build
make[1]: Entering directory '/home/todd/vegastrike/vegastrike/build/CMakeFiles/CMakeTmp'
/usr/bin/cmake -E cmake_progress_report /home/todd/vegastrike/vegastrike/build/CMakeFiles/CMakeTmp/CMakeFiles 1
Building C object CMakeFiles/cmTryCompileExec1858571437.dir/CheckIncludeFile.c.o
/usr/bin/cc    -o CMakeFiles/cmTryCompileExec1858571437.dir/CheckIncludeFile.c.o   -c /home/todd/vegastrike/vegastrike/build/CMakeFiles/CMakeTmp/CheckIncludeFile.c
Linking C executable cmTryCompileExec1858571437
/usr/bin/cmake -E cmake_link_script CMakeFiles/cmTryCompileExec1858571437.dir/link.txt --verbose=1
/usr/bin/cc       CMakeFiles/cmTryCompileExec1858571437.dir/CheckIncludeFile.c.o  -o cmTryCompileExec1858571437 -rdynamic 
make[1]: Leaving directory '/home/todd/vegastrike/vegastrike/build/CMakeFiles/CMakeTmp'


Determining if the include file inttypes.h exists passed with the following output:
Change Dir: /home/todd/vegastrike/vegastrike/build/CMakeFiles/CMakeTmp

Run Build Command:"/usr/bin/make" "cmTryCompileExec3442577967/fast"
/usr/bin/make -f CMakeFiles/cmTryCompileExec3442577967.dir/build.make CMakeFiles/cmTryCompileExec3442577967.dir/build
make[1]: Entering directory '/home/todd/vegastrike/vegastrike/build/CMakeFiles/CMakeTmp'
/usr/bin/cmake -E cmake_progress_report /home/todd/vegastrike/vegastrike/build/CMakeFiles/CMakeTmp/CMakeFiles 1
Building C object CMakeFiles/cmTryCompileExec3442577967.dir/CheckIncludeFile.c.o
/usr/bin/cc    -o CMakeFiles/cmTryCompileExec3442577967.dir/CheckIncludeFile.c.o   -c /home/todd/vegastrike/vegastrike/build/CMakeFiles/CMakeTmp/CheckIncludeFile.c
Linking C executable cmTryCompileExec3442577967
/usr/bin/cmake -E cmake_link_script CMakeFiles/cmTryCompileExec3442577967.dir/link.txt --verbose=1
/usr/bin/cc       CMakeFiles/cmTryCompileExec3442577967.dir/CheckIncludeFile.c.o  -o cmTryCompileExec3442577967 -rdynamic 
make[1]: Leaving directory '/home/todd/vegastrike/vegastrike/build/CMakeFiles/CMakeTmp'


Determining if the include file zlib.h exists passed with the following output:
Change Dir: /home/todd/vegastrike/vegastrike/build/CMakeFiles/CMakeTmp

Run Build Command:"/usr/bin/make" "cmTryCompileExec263666296/fast"
/usr/bin/make -f CMakeFiles/cmTryCompileExec263666296.dir/build.make CMakeFiles/cmTryCompileExec263666296.dir/build
make[1]: Entering directory '/home/todd/vegastrike/vegastrike/build/CMakeFiles/CMakeTmp'
/usr/bin/cmake -E cmake_progress_report /home/todd/vegastrike/vegastrike/build/CMakeFiles/CMakeTmp/CMakeFiles 1
Building C object CMakeFiles/cmTryCompileExec263666296.dir/CheckIncludeFile.c.o
/usr/bin/cc    -o CMakeFiles/cmTryCompileExec263666296.dir/CheckIncludeFile.c.o   -c /home/todd/vegastrike/vegastrike/build/CMakeFiles/CMakeTmp/CheckIncludeFile.c
Linking C executable cmTryCompileExec263666296
/usr/bin/cmake -E cmake_link_script CMakeFiles/cmTryCompileExec263666296.dir/link.txt --verbose=1
/usr/bin/cc       CMakeFiles/cmTryCompileExec263666296.dir/CheckIncludeFile.c.o  -o cmTryCompileExec263666296 -rdynamic 
make[1]: Leaving directory '/home/todd/vegastrike/vegastrike/build/CMakeFiles/CMakeTmp'


Determining if the include file math.h exists passed with the following output:
Change Dir: /home/todd/vegastrike/vegastrike/build/CMakeFiles/CMakeTmp

Run Build Command:"/usr/bin/make" "cmTryCompileExec824050000/fast"
/usr/bin/make -f CMakeFiles/cmTryCompileExec824050000.dir/build.make CMakeFiles/cmTryCompileExec824050000.dir/build
make[1]: Entering directory '/home/todd/vegastrike/vegastrike/build/CMakeFiles/CMakeTmp'
/usr/bin/cmake -E cmake_progress_report /home/todd/vegastrike/vegastrike/build/CMakeFiles/CMakeTmp/CMakeFiles 1
Building C object CMakeFiles/cmTryCompileExec824050000.dir/CheckIncludeFile.c.o
/usr/bin/cc    -o CMakeFiles/cmTryCompileExec824050000.dir/CheckIncludeFile.c.o   -c /home/todd/vegastrike/vegastrike/build/CMakeFiles/CMakeTmp/CheckIncludeFile.c
Linking C executable cmTryCompileExec824050000
/usr/bin/cmake -E cmake_link_script CMakeFiles/cmTryCompileExec824050000.dir/link.txt --verbose=1
/usr/bin/cc       CMakeFiles/cmTryCompileExec824050000.dir/CheckIncludeFile.c.o  -o cmTryCompileExec824050000 -rdynamic 
make[1]: Leaving directory '/home/todd/vegastrike/vegastrike/build/CMakeFiles/CMakeTmp'


Determining if the include file tr1/unordered_map exists passed with the following output:
Change Dir: /home/todd/vegastrike/vegastrike/build/CMakeFiles/CMakeTmp

Run Build Command:"/usr/bin/make" "cmTryCompileExec2239279391/fast"
/usr/bin/make -f CMakeFiles/cmTryCompileExec2239279391.dir/build.make CMakeFiles/cmTryCompileExec2239279391.dir/build
make[1]: Entering directory '/home/todd/vegastrike/vegastrike/build/CMakeFiles/CMakeTmp'
/usr/bin/cmake -E cmake_progress_report /home/todd/vegastrike/vegastrike/build/CMakeFiles/CMakeTmp/CMakeFiles 1
Building CXX object CMakeFiles/cmTryCompileExec2239279391.dir/CheckIncludeFile.cxx.o
/usr/bin/c++     -o CMakeFiles/cmTryCompileExec2239279391.dir/CheckIncludeFile.cxx.o -c /home/todd/vegastrike/vegastrike/build/CMakeFiles/CMakeTmp/CheckIncludeFile.cxx
Linking CXX executable cmTryCompileExec2239279391
/usr/bin/cmake -E cmake_link_script CMakeFiles/cmTryCompileExec2239279391.dir/link.txt --verbose=1
/usr/bin/c++        CMakeFiles/cmTryCompileExec2239279391.dir/CheckIncludeFile.cxx.o  -o cmTryCompileExec2239279391 -rdynamic 
make[1]: Leaving directory '/home/todd/vegastrike/vegastrike/build/CMakeFiles/CMakeTmp'


Determining if the function gettimeofday exists passed with the following output:
Change Dir: /home/todd/vegastrike/vegastrike/build/CMakeFiles/CMakeTmp

Run Build Command:"/usr/bin/make" "cmTryCompileExec3111286440/fast"
/usr/bin/make -f CMakeFiles/cmTryCompileExec3111286440.dir/build.make CMakeFiles/cmTryCompileExec3111286440.dir/build
make[1]: Entering directory '/home/todd/vegastrike/vegastrike/build/CMakeFiles/CMakeTmp'
/usr/bin/cmake -E cmake_progress_report /home/todd/vegastrike/vegastrike/build/CMakeFiles/CMakeTmp/CMakeFiles 1
Building C object CMakeFiles/cmTryCompileExec3111286440.dir/CheckFunctionExists.c.o
/usr/bin/cc   -DCHECK_FUNCTION_EXISTS=gettimeofday   -o CMakeFiles/cmTryCompileExec3111286440.dir/CheckFunctionExists.c.o   -c /usr/share/cmake-3.0/Modules/CheckFunctionExists.c
Linking C executable cmTryCompileExec3111286440
/usr/bin/cmake -E cmake_link_script CMakeFiles/cmTryCompileExec3111286440.dir/link.txt --verbose=1
/usr/bin/cc   -DCHECK_FUNCTION_EXISTS=gettimeofday    CMakeFiles/cmTryCompileExec3111286440.dir/CheckFunctionExists.c.o  -o cmTryCompileExec3111286440 -rdynamic 
make[1]: Leaving directory '/home/todd/vegastrike/vegastrike/build/CMakeFiles/CMakeTmp'


Determining if the function isnan exists passed with the following output:
Change Dir: /home/todd/vegastrike/vegastrike/build/CMakeFiles/CMakeTmp

Run Build Command:"/usr/bin/make" "cmTryCompileExec2257028220/fast"
/usr/bin/make -f CMakeFiles/cmTryCompileExec2257028220.dir/build.make CMakeFiles/cmTryCompileExec2257028220.dir/build
make[1]: Entering directory '/home/todd/vegastrike/vegastrike/build/CMakeFiles/CMakeTmp'
/usr/bin/cmake -E cmake_progress_report /home/todd/vegastrike/vegastrike/build/CMakeFiles/CMakeTmp/CMakeFiles 1
Building C object CMakeFiles/cmTryCompileExec2257028220.dir/CheckFunctionExists.c.o
/usr/bin/cc   -DCHECK_FUNCTION_EXISTS=isnan   -o CMakeFiles/cmTryCompileExec2257028220.dir/CheckFunctionExists.c.o   -c /usr/share/cmake-3.0/Modules/CheckFunctionExists.c
<command-line>:0:23: warning: conflicting types for built-in function ‘isnan’
/usr/share/cmake-3.0/Modules/CheckFunctionExists.c:3:6: note: in expansion of macro ‘CHECK_FUNCTION_EXISTS’
 char CHECK_FUNCTION_EXISTS();
      ^
Linking C executable cmTryCompileExec2257028220
/usr/bin/cmake -E cmake_link_script CMakeFiles/cmTryCompileExec2257028220.dir/link.txt --verbose=1
/usr/bin/cc   -DCHECK_FUNCTION_EXISTS=isnan    CMakeFiles/cmTryCompileExec2257028220.dir/CheckFunctionExists.c.o  -o cmTryCompileExec2257028220 -rdynamic 
make[1]: Leaving directory '/home/todd/vegastrike/vegastrike/build/CMakeFiles/CMakeTmp'


Determining if the function finite exists passed with the following output:
Change Dir: /home/todd/vegastrike/vegastrike/build/CMakeFiles/CMakeTmp

Run Build Command:"/usr/bin/make" "cmTryCompileExec204084922/fast"
/usr/bin/make -f CMakeFiles/cmTryCompileExec204084922.dir/build.make CMakeFiles/cmTryCompileExec204084922.dir/build
make[1]: Entering directory '/home/todd/vegastrike/vegastrike/build/CMakeFiles/CMakeTmp'
/usr/bin/cmake -E cmake_progress_report /home/todd/vegastrike/vegastrike/build/CMakeFiles/CMakeTmp/CMakeFiles 1
Building C object CMakeFiles/cmTryCompileExec204084922.dir/CheckFunctionExists.c.o
/usr/bin/cc   -DCHECK_FUNCTION_EXISTS=finite   -o CMakeFiles/cmTryCompileExec204084922.dir/CheckFunctionExists.c.o   -c /usr/share/cmake-3.0/Modules/CheckFunctionExists.c
<command-line>:0:23: warning: conflicting types for built-in function ‘finite’
/usr/share/cmake-3.0/Modules/CheckFunctionExists.c:3:6: note: in expansion of macro ‘CHECK_FUNCTION_EXISTS’
 char CHECK_FUNCTION_EXISTS();
      ^
Linking C executable cmTryCompileExec204084922
/usr/bin/cmake -E cmake_link_script CMakeFiles/cmTryCompileExec204084922.dir/link.txt --verbose=1
/usr/bin/cc   -DCHECK_FUNCTION_EXISTS=finite    CMakeFiles/cmTryCompileExec204084922.dir/CheckFunctionExists.c.o  -o cmTryCompileExec204084922 -rdynamic 
make[1]: Leaving directory '/home/todd/vegastrike/vegastrike/build/CMakeFiles/CMakeTmp'


Determining if the include file sys/stat.h exists passed with the following output:
Change Dir: /home/todd/vegastrike/vegastrike/build/CMakeFiles/CMakeTmp

Run Build Command:"/usr/bin/make" "cmTryCompileExec3504823971/fast"
/usr/bin/make -f CMakeFiles/cmTryCompileExec3504823971.dir/build.make CMakeFiles/cmTryCompileExec3504823971.dir/build
make[1]: Entering directory '/home/todd/vegastrike/vegastrike/build/CMakeFiles/CMakeTmp'
/usr/bin/cmake -E cmake_progress_report /home/todd/vegastrike/vegastrike/build/CMakeFiles/CMakeTmp/CMakeFiles 1
Building C object CMakeFiles/cmTryCompileExec3504823971.dir/CheckIncludeFile.c.o
/usr/bin/cc    -o CMakeFiles/cmTryCompileExec3504823971.dir/CheckIncludeFile.c.o   -c /home/todd/vegastrike/vegastrike/build/CMakeFiles/CMakeTmp/CheckIncludeFile.c
Linking C executable cmTryCompileExec3504823971
/usr/bin/cmake -E cmake_link_script CMakeFiles/cmTryCompileExec3504823971.dir/link.txt --verbose=1
/usr/bin/cc       CMakeFiles/cmTryCompileExec3504823971.dir/CheckIncludeFile.c.o  -o cmTryCompileExec3504823971 -rdynamic 
make[1]: Leaving directory '/home/todd/vegastrike/vegastrike/build/CMakeFiles/CMakeTmp'


Determining if the function lstat exists passed with the following output:
Change Dir: /home/todd/vegastrike/vegastrike/build/CMakeFiles/CMakeTmp

Run Build Command:"/usr/bin/make" "cmTryCompileExec3485091414/fast"
/usr/bin/make -f CMakeFiles/cmTryCompileExec3485091414.dir/build.make CMakeFiles/cmTryCompileExec3485091414.dir/build
make[1]: Entering directory '/home/todd/vegastrike/vegastrike/build/CMakeFiles/CMakeTmp'
/usr/bin/cmake -E cmake_progress_report /home/todd/vegastrike/vegastrike/build/CMakeFiles/CMakeTmp/CMakeFiles 1
Building C object CMakeFiles/cmTryCompileExec3485091414.dir/CheckFunctionExists.c.o
/usr/bin/cc   -DCHECK_FUNCTION_EXISTS=lstat   -o CMakeFiles/cmTryCompileExec3485091414.dir/CheckFunctionExists.c.o   -c /usr/share/cmake-3.0/Modules/CheckFunctionExists.c
Linking C executable cmTryCompileExec3485091414
/usr/bin/cmake -E cmake_link_script CMakeFiles/cmTryCompileExec3485091414.dir/link.txt --verbose=1
/usr/bin/cc   -DCHECK_FUNCTION_EXISTS=lstat    CMakeFiles/cmTryCompileExec3485091414.dir/CheckFunctionExists.c.o  -o cmTryCompileExec3485091414 -rdynamic 
make[1]: Leaving directory '/home/todd/vegastrike/vegastrike/build/CMakeFiles/CMakeTmp'


Determining if the GLX_ARB_get_proc_address exist passed with the following output:
Change Dir: /home/todd/vegastrike/vegastrike/build/CMakeFiles/CMakeTmp

Run Build Command:"/usr/bin/make" "cmTryCompileExec2833511875/fast"
/usr/bin/make -f CMakeFiles/cmTryCompileExec2833511875.dir/build.make CMakeFiles/cmTryCompileExec2833511875.dir/build
make[1]: Entering directory '/home/todd/vegastrike/vegastrike/build/CMakeFiles/CMakeTmp'
/usr/bin/cmake -E cmake_progress_report /home/todd/vegastrike/vegastrike/build/CMakeFiles/CMakeTmp/CMakeFiles 1
Building C object CMakeFiles/cmTryCompileExec2833511875.dir/CheckSymbolExists.c.o
/usr/bin/cc    -o CMakeFiles/cmTryCompileExec2833511875.dir/CheckSymbolExists.c.o   -c /home/todd/vegastrike/vegastrike/build/CMakeFiles/CMakeTmp/CheckSymbolExists.c
Linking C executable cmTryCompileExec2833511875
/usr/bin/cmake -E cmake_link_script CMakeFiles/cmTryCompileExec2833511875.dir/link.txt --verbose=1
/usr/bin/cc       CMakeFiles/cmTryCompileExec2833511875.dir/CheckSymbolExists.c.o  -o cmTryCompileExec2833511875 -rdynamic 
make[1]: Leaving directory '/home/todd/vegastrike/vegastrike/build/CMakeFiles/CMakeTmp'

File /home/todd/vegastrike/vegastrike/build/CMakeFiles/CMakeTmp/CheckSymbolExists.c:
/* */
#include <GL/glx.h>

int main(int argc, char** argv)
{
  (void)argv;
#ifndef GLX_ARB_get_proc_address
  return ((int*)(&GLX_ARB_get_proc_address))[argc];
#else
  (void)argc;
  return 0;
#endif
}

